  Color.cpp
  DepthCue.cpp
  DirectionalLight.cpp
  Light.cpp
  Material.cpp
  Point3.cpp
  PointLight.cpp
  Ray.cpp
C:\5607\RayTracer\RayTracer\Light.cpp(29,14): warning C4244: 'return': conversion from 'double' to 'float', possible loss of data
C:\5607\RayTracer\RayTracer\Ray.cpp(26,8): warning C4101: 'distance': unreferenced local variable
  Scene.cpp
  SceneObject.cpp
  Sphere.cpp
C:\5607\RayTracer\RayTracer\Ray.cpp(163,45): warning C4244: 'argument': conversion from 'double' to 'const float', possible loss of data
C:\5607\RayTracer\RayTracer\Sphere.cpp(25,10): warning C4244: 'initializing': conversion from 'double' to 'float', possible loss of data
C:\5607\RayTracer\RayTracer\Sphere.cpp(28,21): warning C4244: 'initializing': conversion from 'double' to 'float', possible loss of data
C:\5607\RayTracer\RayTracer\Sphere.cpp(37,18): warning C4244: '=': conversion from 'double' to 'float', possible loss of data
C:\5607\RayTracer\RayTracer\Sphere.cpp(41,55): warning C4244: '=': conversion from 'double' to 'float', possible loss of data
  Vector3.cpp
  ViewWindow.cpp
C:\5607\RayTracer\RayTracer\Sphere.cpp(42,55): warning C4244: '=': conversion from 'double' to 'float', possible loss of data
C:\5607\RayTracer\RayTracer\ViewWindow.cpp(7,31): warning C4305: 'initializing': truncation from 'double' to 'float'
C:\5607\RayTracer\RayTracer\ViewWindow.cpp(10,26): warning C4244: 'return': conversion from 'double' to 'float', possible loss of data
C:\5607\RayTracer\RayTracer\ViewWindow.cpp(29,60): warning C4244: 'argument': conversion from 'double' to 'float', possible loss of data
C:\5607\RayTracer\RayTracer\ViewWindow.cpp(29,10): warning C4244: 'initializing': conversion from 'double' to 'float', possible loss of data
C:\5607\RayTracer\RayTracer\ViewWindow.cpp(32,42): warning C4244: 'argument': conversion from 'double' to 'float', possible loss of data
C:\5607\RayTracer\RayTracer\ViewWindow.cpp(32,60): warning C4244: 'argument': conversion from 'double' to 'float', possible loss of data
C:\5607\RayTracer\RayTracer\ViewWindow.cpp(33,42): warning C4244: 'argument': conversion from 'double' to 'float', possible loss of data
C:\5607\RayTracer\RayTracer\ViewWindow.cpp(33,60): warning C4244: 'argument': conversion from 'double' to 'float', possible loss of data
C:\5607\RayTracer\RayTracer\ViewWindow.cpp(34,42): warning C4244: 'argument': conversion from 'double' to 'float', possible loss of data
C:\5607\RayTracer\RayTracer\ViewWindow.cpp(34,60): warning C4244: 'argument': conversion from 'double' to 'float', possible loss of data
C:\5607\RayTracer\RayTracer\ViewWindow.cpp(35,42): warning C4244: 'argument': conversion from 'double' to 'float', possible loss of data
C:\5607\RayTracer\RayTracer\ViewWindow.cpp(35,60): warning C4244: 'argument': conversion from 'double' to 'float', possible loss of data
C:\5607\RayTracer\RayTracer\ViewWindow.cpp(39,38): warning C4244: 'argument': conversion from 'double' to 'float', possible loss of data
C:\5607\RayTracer\RayTracer\ViewWindow.cpp(40,38): warning C4244: 'argument': conversion from 'double' to 'float', possible loss of data
C:\5607\RayTracer\RayTracer\ViewWindow.cpp(48,34): warning C4244: 'argument': conversion from 'int' to 'float', possible loss of data
  render_main.cpp
C:\5607\RayTracer\RayTracer\ViewWindow.cpp(48,50): warning C4244: 'argument': conversion from 'int' to 'float', possible loss of data
  Generating Code...
C:\5607\RayTracer\RayTracer\render_main.cpp(27,12): warning C4244: 'argument': conversion from 'time_t' to 'unsigned int', possible loss of data
  RayTracer.vcxproj -> C:\5607\RayTracer\Debug\RayTracer.exe
